<?xml version="1.0" encoding="UTF-8" ?>
<testsuite failures="0" time="0.256" errors="0" skipped="0" tests="5" name="com.github.stefanbirkner.gajs4java.core.render.InsertGaJsRendererTest">
  <properties>
    <property name="java.runtime.name" value="Java(TM) SE Runtime Environment"/>
    <property name="sun.boot.library.path" value="/usr/lib/jvm/java-7-oracle/jre/lib/amd64"/>
    <property name="java.vm.version" value="23.2-b09"/>
    <property name="java.vm.vendor" value="Oracle Corporation"/>
    <property name="java.vendor.url" value="http://java.oracle.com/"/>
    <property name="path.separator" value=":"/>
    <property name="java.vm.name" value="Java HotSpot(TM) 64-Bit Server VM"/>
    <property name="file.encoding.pkg" value="sun.io"/>
    <property name="user.country" value="DE"/>
    <property name="sun.java.launcher" value="SUN_STANDARD"/>
    <property name="sun.os.patch.level" value="unknown"/>
    <property name="java.vm.specification.name" value="Java Virtual Machine Specification"/>
    <property name="user.dir" value="/home/stefan/workspaces/webtools/gajs4java/gajs4java"/>
    <property name="java.runtime.version" value="1.7.0_06-b24"/>
    <property name="java.awt.graphicsenv" value="sun.awt.X11GraphicsEnvironment"/>
    <property name="basedir" value="/home/stefan/workspaces/webtools/gajs4java/gajs4java"/>
    <property name="java.endorsed.dirs" value="/usr/lib/jvm/java-7-oracle/jre/lib/endorsed"/>
    <property name="os.arch" value="amd64"/>
    <property name="surefire.real.class.path" value="/home/stefan/workspaces/webtools/gajs4java/gajs4java/target/surefire/surefirebooter7404777255730455501.jar"/>
    <property name="java.io.tmpdir" value="/tmp"/>
    <property name="line.separator" value="
"/>
    <property name="java.vm.specification.vendor" value="Oracle Corporation"/>
    <property name="os.name" value="Linux"/>
    <property name="sun.jnu.encoding" value="UTF-8"/>
    <property name="java.library.path" value="/usr/java/packages/lib/amd64:/usr/lib64:/lib64:/lib:/usr/lib"/>
    <property name="surefire.test.class.path" value="/home/stefan/workspaces/webtools/gajs4java/gajs4java/target/test-classes:/home/stefan/workspaces/webtools/gajs4java/gajs4java/target/classes:/home/stefan/.m2/repository/javax/servlet/servlet-api/2.4/servlet-api-2.4.jar:/home/stefan/.m2/repository/org/apache/commons/commons-lang3/3.1/commons-lang3-3.1.jar:/home/stefan/.m2/repository/commons-io/commons-io/2.4/commons-io-2.4.jar:/home/stefan/.m2/repository/org/mockito/mockito-core/1.9.0/mockito-core-1.9.0.jar:/home/stefan/.m2/repository/org/objenesis/objenesis/1.0/objenesis-1.0.jar:/home/stefan/.m2/repository/junit/junit-dep/4.10/junit-dep-4.10.jar:/home/stefan/.m2/repository/org/hamcrest/hamcrest-core/1.3/hamcrest-core-1.3.jar:/home/stefan/.m2/repository/org/hamcrest/hamcrest-library/1.3/hamcrest-library-1.3.jar:"/>
    <property name="java.specification.name" value="Java Platform API Specification"/>
    <property name="java.class.version" value="51.0"/>
    <property name="sun.management.compiler" value="HotSpot 64-Bit Tiered Compilers"/>
    <property name="os.version" value="3.2.0-29-generic"/>
    <property name="user.home" value="/home/stefan"/>
    <property name="user.timezone" value=""/>
    <property name="java.awt.printerjob" value="sun.print.PSPrinterJob"/>
    <property name="file.encoding" value="UTF-8"/>
    <property name="java.specification.version" value="1.7"/>
    <property name="user.name" value="stefan"/>
    <property name="java.class.path" value="/home/stefan/workspaces/webtools/gajs4java/gajs4java/target/test-classes:/home/stefan/workspaces/webtools/gajs4java/gajs4java/target/classes:/home/stefan/.m2/repository/javax/servlet/servlet-api/2.4/servlet-api-2.4.jar:/home/stefan/.m2/repository/org/apache/commons/commons-lang3/3.1/commons-lang3-3.1.jar:/home/stefan/.m2/repository/commons-io/commons-io/2.4/commons-io-2.4.jar:/home/stefan/.m2/repository/org/mockito/mockito-core/1.9.0/mockito-core-1.9.0.jar:/home/stefan/.m2/repository/org/objenesis/objenesis/1.0/objenesis-1.0.jar:/home/stefan/.m2/repository/junit/junit-dep/4.10/junit-dep-4.10.jar:/home/stefan/.m2/repository/org/hamcrest/hamcrest-core/1.3/hamcrest-core-1.3.jar:/home/stefan/.m2/repository/org/hamcrest/hamcrest-library/1.3/hamcrest-library-1.3.jar:"/>
    <property name="java.vm.specification.version" value="1.7"/>
    <property name="sun.arch.data.model" value="64"/>
    <property name="java.home" value="/usr/lib/jvm/java-7-oracle/jre"/>
    <property name="sun.java.command" value="/home/stefan/workspaces/webtools/gajs4java/gajs4java/target/surefire/surefirebooter7404777255730455501.jar /home/stefan/workspaces/webtools/gajs4java/gajs4java/target/surefire/surefire1945145588985074883tmp /home/stefan/workspaces/webtools/gajs4java/gajs4java/target/surefire/surefire369855096431522646tmp"/>
    <property name="java.specification.vendor" value="Oracle Corporation"/>
    <property name="user.language" value="de"/>
    <property name="awt.toolkit" value="sun.awt.X11.XToolkit"/>
    <property name="java.vm.info" value="mixed mode"/>
    <property name="java.version" value="1.7.0_06"/>
    <property name="java.ext.dirs" value="/usr/lib/jvm/java-7-oracle/jre/lib/ext:/usr/java/packages/lib/ext"/>
    <property name="sun.boot.class.path" value="/usr/lib/jvm/java-7-oracle/jre/lib/resources.jar:/usr/lib/jvm/java-7-oracle/jre/lib/rt.jar:/usr/lib/jvm/java-7-oracle/jre/lib/sunrsasign.jar:/usr/lib/jvm/java-7-oracle/jre/lib/jsse.jar:/usr/lib/jvm/java-7-oracle/jre/lib/jce.jar:/usr/lib/jvm/java-7-oracle/jre/lib/charsets.jar:/usr/lib/jvm/java-7-oracle/jre/lib/jfr.jar:/usr/lib/jvm/java-7-oracle/jre/classes"/>
    <property name="java.vendor" value="Oracle Corporation"/>
    <property name="localRepository" value="/home/stefan/.m2/repository"/>
    <property name="file.separator" value="/"/>
    <property name="java.vendor.url.bug" value="http://bugreport.sun.com/bugreport/"/>
    <property name="sun.cpu.endian" value="little"/>
    <property name="sun.io.unicode.encoding" value="UnicodeLittle"/>
    <property name="sun.desktop" value="gnome"/>
    <property name="sun.cpu.isalist" value=""/>
  </properties>
  <testcase time="0.012" classname="com.github.stefanbirkner.gajs4java.core.render.InsertGaJsRendererTest" name="rendersHttpSnippet"/>
  <testcase time="0.003" classname="com.github.stefanbirkner.gajs4java.core.render.InsertGaJsRendererTest" name="failsToRenderDecideOnServer"/>
  <testcase time="0.183" classname="com.github.stefanbirkner.gajs4java.core.render.InsertGaJsRendererTest" name="rendersHttpsSnippetBasedOnRequest"/>
  <testcase time="0" classname="com.github.stefanbirkner.gajs4java.core.render.InsertGaJsRendererTest" name="failsToRenderDecideOnServerForUnknownScheme"/>
  <testcase time="0" classname="com.github.stefanbirkner.gajs4java.core.render.InsertGaJsRendererTest" name="rendersStandardSnippet"/>
</testsuite>