<?xml version="1.0" encoding="UTF-8" ?>
<testsuite failures="0" time="1.385" errors="0" skipped="0" tests="2" name="com.github.stefanbirkner.gajs4java.taglib.InsertGaJsTagTest">
  <properties>
    <property name="java.runtime.name" value="Java(TM) SE Runtime Environment"/>
    <property name="sun.boot.library.path" value="/usr/lib/jvm/java-7-oracle/jre/lib/amd64"/>
    <property name="java.vm.version" value="23.2-b09"/>
    <property name="java.vm.vendor" value="Oracle Corporation"/>
    <property name="java.vendor.url" value="http://java.oracle.com/"/>
    <property name="path.separator" value=":"/>
    <property name="java.vm.name" value="Java HotSpot(TM) 64-Bit Server VM"/>
    <property name="file.encoding.pkg" value="sun.io"/>
    <property name="user.country" value="DE"/>
    <property name="sun.java.launcher" value="SUN_STANDARD"/>
    <property name="sun.os.patch.level" value="unknown"/>
    <property name="java.vm.specification.name" value="Java Virtual Machine Specification"/>
    <property name="user.dir" value="/home/stefan/workspaces/webtools/gajs4java/gajs-taglib"/>
    <property name="java.runtime.version" value="1.7.0_06-b24"/>
    <property name="java.awt.graphicsenv" value="sun.awt.X11GraphicsEnvironment"/>
    <property name="basedir" value="/home/stefan/workspaces/webtools/gajs4java/gajs-taglib"/>
    <property name="java.endorsed.dirs" value="/usr/lib/jvm/java-7-oracle/jre/lib/endorsed"/>
    <property name="os.arch" value="amd64"/>
    <property name="surefire.real.class.path" value="/home/stefan/workspaces/webtools/gajs4java/gajs-taglib/target/surefire/surefirebooter7450985292904360497.jar"/>
    <property name="java.io.tmpdir" value="/tmp"/>
    <property name="line.separator" value="
"/>
    <property name="java.vm.specification.vendor" value="Oracle Corporation"/>
    <property name="os.name" value="Linux"/>
    <property name="sun.jnu.encoding" value="UTF-8"/>
    <property name="java.library.path" value="/usr/java/packages/lib/amd64:/usr/lib64:/lib64:/lib:/usr/lib"/>
    <property name="surefire.test.class.path" value="/home/stefan/workspaces/webtools/gajs4java/gajs-taglib/target/test-classes:/home/stefan/workspaces/webtools/gajs4java/gajs-taglib/target/classes:/home/stefan/workspaces/webtools/gajs4java/gajs4java/target/classes:/home/stefan/.m2/repository/org/apache/commons/commons-lang3/3.1/commons-lang3-3.1.jar:/home/stefan/.m2/repository/commons-io/commons-io/2.4/commons-io-2.4.jar:/home/stefan/.m2/repository/javax/servlet/javax.servlet-api/3.0.1/javax.servlet-api-3.0.1.jar:/home/stefan/.m2/repository/javax/servlet/jsp/jsp-api/2.2.1-b03/jsp-api-2.2.1-b03.jar:/home/stefan/.m2/repository/com/github/stefanbirkner/serverrule/0.1.0/serverrule-0.1.0.jar:/home/stefan/.m2/repository/org/eclipse/jetty/jetty-webapp/8.1.2.v20120308/jetty-webapp-8.1.2.v20120308.jar:/home/stefan/.m2/repository/org/eclipse/jetty/jetty-xml/8.1.2.v20120308/jetty-xml-8.1.2.v20120308.jar:/home/stefan/.m2/repository/org/eclipse/jetty/jetty-util/8.1.2.v20120308/jetty-util-8.1.2.v20120308.jar:/home/stefan/.m2/repository/org/eclipse/jetty/jetty-servlet/8.1.2.v20120308/jetty-servlet-8.1.2.v20120308.jar:/home/stefan/.m2/repository/org/eclipse/jetty/jetty-security/8.1.2.v20120308/jetty-security-8.1.2.v20120308.jar:/home/stefan/.m2/repository/org/eclipse/jetty/jetty-server/8.1.2.v20120308/jetty-server-8.1.2.v20120308.jar:/home/stefan/.m2/repository/org/eclipse/jetty/orbit/javax.servlet/3.0.0.v201112011016/javax.servlet-3.0.0.v201112011016.jar:/home/stefan/.m2/repository/org/eclipse/jetty/jetty-continuation/8.1.2.v20120308/jetty-continuation-8.1.2.v20120308.jar:/home/stefan/.m2/repository/org/eclipse/jetty/jetty-http/8.1.2.v20120308/jetty-http-8.1.2.v20120308.jar:/home/stefan/.m2/repository/org/eclipse/jetty/jetty-io/8.1.2.v20120308/jetty-io-8.1.2.v20120308.jar:/home/stefan/.m2/repository/org/mortbay/jetty/jsp-2.1-glassfish/2.1.v20100127/jsp-2.1-glassfish-2.1.v20100127.jar:/home/stefan/.m2/repository/org/eclipse/jdt/core/compiler/ecj/3.5.1/ecj-3.5.1.jar:/home/stefan/.m2/repository/org/mortbay/jetty/jsp-api-2.1-glassfish/2.1.v20100127/jsp-api-2.1-glassfish-2.1.v20100127.jar:/home/stefan/.m2/repository/ant/ant/1.6.5/ant-1.6.5.jar:/home/stefan/.m2/repository/junit/junit-dep/4.10/junit-dep-4.10.jar:/home/stefan/.m2/repository/org/hamcrest/hamcrest-core/1.3/hamcrest-core-1.3.jar:/home/stefan/.m2/repository/org/hamcrest/hamcrest-library/1.3/hamcrest-library-1.3.jar:"/>
    <property name="java.specification.name" value="Java Platform API Specification"/>
    <property name="java.class.version" value="51.0"/>
    <property name="sun.management.compiler" value="HotSpot 64-Bit Tiered Compilers"/>
    <property name="os.version" value="3.2.0-29-generic"/>
    <property name="user.home" value="/home/stefan"/>
    <property name="user.timezone" value="Europe/Berlin"/>
    <property name="java.awt.printerjob" value="sun.print.PSPrinterJob"/>
    <property name="file.encoding" value="UTF-8"/>
    <property name="java.specification.version" value="1.7"/>
    <property name="user.name" value="stefan"/>
    <property name="java.class.path" value="/home/stefan/workspaces/webtools/gajs4java/gajs-taglib/target/test-classes:/home/stefan/workspaces/webtools/gajs4java/gajs-taglib/target/classes:/home/stefan/workspaces/webtools/gajs4java/gajs4java/target/classes:/home/stefan/.m2/repository/org/apache/commons/commons-lang3/3.1/commons-lang3-3.1.jar:/home/stefan/.m2/repository/commons-io/commons-io/2.4/commons-io-2.4.jar:/home/stefan/.m2/repository/javax/servlet/javax.servlet-api/3.0.1/javax.servlet-api-3.0.1.jar:/home/stefan/.m2/repository/javax/servlet/jsp/jsp-api/2.2.1-b03/jsp-api-2.2.1-b03.jar:/home/stefan/.m2/repository/com/github/stefanbirkner/serverrule/0.1.0/serverrule-0.1.0.jar:/home/stefan/.m2/repository/org/eclipse/jetty/jetty-webapp/8.1.2.v20120308/jetty-webapp-8.1.2.v20120308.jar:/home/stefan/.m2/repository/org/eclipse/jetty/jetty-xml/8.1.2.v20120308/jetty-xml-8.1.2.v20120308.jar:/home/stefan/.m2/repository/org/eclipse/jetty/jetty-util/8.1.2.v20120308/jetty-util-8.1.2.v20120308.jar:/home/stefan/.m2/repository/org/eclipse/jetty/jetty-servlet/8.1.2.v20120308/jetty-servlet-8.1.2.v20120308.jar:/home/stefan/.m2/repository/org/eclipse/jetty/jetty-security/8.1.2.v20120308/jetty-security-8.1.2.v20120308.jar:/home/stefan/.m2/repository/org/eclipse/jetty/jetty-server/8.1.2.v20120308/jetty-server-8.1.2.v20120308.jar:/home/stefan/.m2/repository/org/eclipse/jetty/orbit/javax.servlet/3.0.0.v201112011016/javax.servlet-3.0.0.v201112011016.jar:/home/stefan/.m2/repository/org/eclipse/jetty/jetty-continuation/8.1.2.v20120308/jetty-continuation-8.1.2.v20120308.jar:/home/stefan/.m2/repository/org/eclipse/jetty/jetty-http/8.1.2.v20120308/jetty-http-8.1.2.v20120308.jar:/home/stefan/.m2/repository/org/eclipse/jetty/jetty-io/8.1.2.v20120308/jetty-io-8.1.2.v20120308.jar:/home/stefan/.m2/repository/org/mortbay/jetty/jsp-2.1-glassfish/2.1.v20100127/jsp-2.1-glassfish-2.1.v20100127.jar:/home/stefan/.m2/repository/org/eclipse/jdt/core/compiler/ecj/3.5.1/ecj-3.5.1.jar:/home/stefan/.m2/repository/org/mortbay/jetty/jsp-api-2.1-glassfish/2.1.v20100127/jsp-api-2.1-glassfish-2.1.v20100127.jar:/home/stefan/.m2/repository/ant/ant/1.6.5/ant-1.6.5.jar:/home/stefan/.m2/repository/junit/junit-dep/4.10/junit-dep-4.10.jar:/home/stefan/.m2/repository/org/hamcrest/hamcrest-core/1.3/hamcrest-core-1.3.jar:/home/stefan/.m2/repository/org/hamcrest/hamcrest-library/1.3/hamcrest-library-1.3.jar:"/>
    <property name="java.vm.specification.version" value="1.7"/>
    <property name="sun.arch.data.model" value="64"/>
    <property name="java.home" value="/usr/lib/jvm/java-7-oracle/jre"/>
    <property name="sun.java.command" value="/home/stefan/workspaces/webtools/gajs4java/gajs-taglib/target/surefire/surefirebooter7450985292904360497.jar /home/stefan/workspaces/webtools/gajs4java/gajs-taglib/target/surefire/surefire3474609978501542873tmp /home/stefan/workspaces/webtools/gajs4java/gajs-taglib/target/surefire/surefire2385959225573694248tmp"/>
    <property name="java.specification.vendor" value="Oracle Corporation"/>
    <property name="user.language" value="de"/>
    <property name="awt.toolkit" value="sun.awt.X11.XToolkit"/>
    <property name="java.vm.info" value="mixed mode"/>
    <property name="java.version" value="1.7.0_06"/>
    <property name="java.ext.dirs" value="/usr/lib/jvm/java-7-oracle/jre/lib/ext:/usr/java/packages/lib/ext"/>
    <property name="sun.boot.class.path" value="/usr/lib/jvm/java-7-oracle/jre/lib/resources.jar:/usr/lib/jvm/java-7-oracle/jre/lib/rt.jar:/usr/lib/jvm/java-7-oracle/jre/lib/sunrsasign.jar:/usr/lib/jvm/java-7-oracle/jre/lib/jsse.jar:/usr/lib/jvm/java-7-oracle/jre/lib/jce.jar:/usr/lib/jvm/java-7-oracle/jre/lib/charsets.jar:/usr/lib/jvm/java-7-oracle/jre/lib/jfr.jar:/usr/lib/jvm/java-7-oracle/jre/classes"/>
    <property name="java.vendor" value="Oracle Corporation"/>
    <property name="localRepository" value="/home/stefan/.m2/repository"/>
    <property name="file.separator" value="/"/>
    <property name="java.vendor.url.bug" value="http://bugreport.sun.com/bugreport/"/>
    <property name="sun.cpu.endian" value="little"/>
    <property name="sun.io.unicode.encoding" value="UnicodeLittle"/>
    <property name="sun.desktop" value="gnome"/>
    <property name="sun.cpu.isalist" value=""/>
  </properties>
  <testcase time="0.715" classname="com.github.stefanbirkner.gajs4java.taglib.InsertGaJsTagTest" name="rendersHttpSnippet"/>
  <testcase time="0.089" classname="com.github.stefanbirkner.gajs4java.taglib.InsertGaJsTagTest" name="rendersJavaScriptSnippet"/>
</testsuite>